<?xml version="1.0" encoding="UTF-8"?>
<!-- Generated by org.testng.reporters.JUnitReportReporter -->
<testsuite hostname="LAPTOP-TF7ID873" failures="0" tests="4" name="april21.NewTest" time="13.415" errors="0" timestamp="2023-04-21T17:14:26 IST" skipped="0">
  <testcase classname="april21.NewTest" name="verify_login" time="2.268"/>
  <system-out>
    <![CDATA[login success::dashboard   http://orangehrm.qedgetech.com/symfony/web/index.php/dashboard]]>
  </system-out>
  <testcase classname="april21.NewTest" name="verify_login" time="7.109"/>
  <system-out>
    <![CDATA[login success::dashboard   http://orangehrm.qedgetech.com/symfony/web/index.php/dashboard]]>
  </system-out>
  <testcase classname="april21.NewTest" name="verify_login" time="2.129"/>
  <system-out>
    <![CDATA[login fail::dashboard    http://orangehrm.qedgetech.com/symfony/web/index.php/auth/validateCredentials]]>
  </system-out>
  <testcase classname="april21.NewTest" name="verify_login" time="1.909"/>
  <system-out>
    <![CDATA[login fail::dashboard    http://orangehrm.qedgetech.com/symfony/web/index.php/auth/validateCredentials]]>
  </system-out>
</testsuite> <!-- april21.NewTest -->
