<?xml version="1.0" encoding="UTF-8"?>
<!-- Generated by org.testng.reporters.JUnitReportReporter -->
<testsuite hostname="LAPTOP-TF7ID873" failures="0" tests="1" name="driverFactory.DriverScript" time="27.877" errors="0" timestamp="2023-04-16T11:35:47 IST" skipped="0">
  <testcase classname="driverFactory.DriverScript" name="starttest" time="27.877"/>
  <system-out>
    <![CDATA[no of rows are::9
login success::dashboard    http://orangehrm.qedgetech.com/symfony/web/index.php/dashboard
login success::dashboard    http://orangehrm.qedgetech.com/symfony/web/index.php/dashboard
login success::dashboard    http://orangehrm.qedgetech.com/symfony/web/index.php/dashboard
Username cannot be empty     dashboard    http://orangehrm.qedgetech.com/symfony/web/index.php/auth/login
Invalid credentials     dashboard    http://orangehrm.qedgetech.com/symfony/web/index.php/auth/validateCredentials
Password cannot be empty     dashboard    http://orangehrm.qedgetech.com/symfony/web/index.php/auth/login
Username cannot be empty     dashboard    http://orangehrm.qedgetech.com/symfony/web/index.php/auth/login
login success::dashboard    http://orangehrm.qedgetech.com/symfony/web/index.php/dashboard
Invalid credentials     dashboard    http://orangehrm.qedgetech.com/symfony/web/index.php/auth/validateCredentials]]>
  </system-out>
</testsuite> <!-- driverFactory.DriverScript -->
