<?xml version="1.0" encoding="UTF-8"?>
<!-- Generated by org.testng.reporters.JUnitReportReporter -->
<testsuite hostname="LAPTOP-TF7ID873" failures="0" tests="8" name="april21.Browsertesting" time="27.240" errors="0" timestamp="2023-04-21T17:29:24 IST" skipped="0">
  <testcase classname="april21.Browsertesting" name="verify_login" time="2.250"/>
  <system-out>
    <![CDATA[login success::dashboard   http://orangehrm.qedgetech.com/symfony/web/index.php/dashboard]]>
  </system-out>
  <testcase classname="april21.Browsertesting" name="verify_login" time="6.618"/>
  <system-out>
    <![CDATA[login success::dashboard   http://orangehrm.qedgetech.com/symfony/web/index.php/dashboard]]>
  </system-out>
  <testcase classname="april21.Browsertesting" name="verify_login" time="1.950"/>
  <system-out>
    <![CDATA[login fail::dashboard    http://orangehrm.qedgetech.com/symfony/web/index.php/auth/validateCredentials]]>
  </system-out>
  <testcase classname="april21.Browsertesting" name="verify_login" time="1.978"/>
  <system-out>
    <![CDATA[login fail::dashboard    http://orangehrm.qedgetech.com/symfony/web/index.php/auth/validateCredentials]]>
  </system-out>
  <testcase classname="april21.Browsertesting" name="verify_login" time="7.273"/>
  <system-out>
    <![CDATA[login success::dashboard   http://orangehrm.qedgetech.com/symfony/web/index.php/dashboard]]>
  </system-out>
  <testcase classname="april21.Browsertesting" name="verify_login" time="2.236"/>
  <system-out>
    <![CDATA[login success::dashboard   http://orangehrm.qedgetech.com/symfony/web/index.php/dashboard]]>
  </system-out>
  <testcase classname="april21.Browsertesting" name="verify_login" time="2.978"/>
  <system-out>
    <![CDATA[login fail::dashboard    http://orangehrm.qedgetech.com/symfony/web/index.php/auth/validateCredentials]]>
  </system-out>
  <testcase classname="april21.Browsertesting" name="verify_login" time="1.957"/>
  <system-out>
    <![CDATA[login fail::dashboard    http://orangehrm.qedgetech.com/symfony/web/index.php/auth/validateCredentials]]>
  </system-out>
</testsuite> <!-- april21.Browsertesting -->
