<?xml version="1.0" encoding="UTF-8"?>
<!-- Generated by org.testng.reporters.JUnitReportReporter -->
<testsuite hostname="LAPTOP-TF7ID873" failures="0" tests="1" name="driverFactory.TestScript" time="37.923" errors="0" timestamp="2023-04-16T11:35:47 IST" skipped="0">
  <testcase classname="driverFactory.TestScript" name="startTest" time="37.923"/>
  <system-out>
    <![CDATA[no of rows are::9
add employee success::19694    19694
add employee success::19695    19695
add employee success::19696    19696
add employee success::19697    19697
add employee success::19698    19698
add employee success::19699    19699
add employee success::19700    19700
add employee success::19701    19701
add employee success::19702    19702]]>
  </system-out>
</testsuite> <!-- driverFactory.TestScript -->
